<?xml version="1.0" encoding="UTF-8"?>
<!-- Generated by org.testng.reporters.JUnitXMLReporter -->
<testsuite hostname="DESKTOP-1E9O627" name="Default test" tests="5" failures="0" timestamp="23 Apr 2021 04:59:54 GMT" time="22.878" errors="0">
  <testcase name="LoginData" time="3.574" classname="Multiple_Test_scripts.SauceDemoShopingTestNG"/>
  <testcase name="Shopping" time="3.618" classname="Multiple_Test_scripts.SauceDemoShopingTestNG"/>
  <testcase name="ContinueShoping" time="3.527" classname="Multiple_Test_scripts.SauceDemoShopingTestNG"/>
  <testcase name="UserInformation" time="3.589" classname="Multiple_Test_scripts.SauceDemoShopingTestNG"/>
  <testcase name="TotalPrice" time="1.466" classname="Multiple_Test_scripts.SauceDemoShopingTestNG"/>
</testsuite> <!-- Default test -->
