<?xml version="1.0" encoding="UTF-8"?>
<!-- Generated by org.testng.reporters.JUnitXMLReporter -->
<testsuite hostname="DESKTOP-1E9O627" name="Sauce_Demo_Regression" tests="7" failures="0" timestamp="6 May 2021 06:43:53 GMT" time="38.044" errors="0">
  <testcase name="LoginData" time="3.662" classname="Multiple_Test_scripts.SauceDemoShopingTestNG"/>
  <testcase name="Shopping" time="3.641" classname="Multiple_Test_scripts.SauceDemoShopingTestNG"/>
  <testcase name="ContinueShoping" time="3.524" classname="Multiple_Test_scripts.SauceDemoShopingTestNG"/>
  <testcase name="UserInformation" time="3.771" classname="Multiple_Test_scripts.SauceDemoShopingTestNG"/>
  <testcase name="TotalPrice" time="1.573" classname="Multiple_Test_scripts.SauceDemoShopingTestNG"/>
  <testcase name="UserId" time="4.561" classname="Multiple_Test_scripts.Validating_positive_negative_Data"/>
  <testcase name="NegativeUserId" time="4.561" classname="Multiple_Test_scripts.Validating_positive_negative_Data"/>
</testsuite> <!-- Sauce_Demo_Regression -->
