<?xml version="1.0" encoding="UTF-8"?>
<!-- Generated by org.testng.reporters.JUnitXMLReporter -->
<testsuite hostname="DESKTOP-1E9O627" name="Home_Work_Foure_Regrassion" tests="15" failures="0" timestamp="4 May 2021 06:04:43 GMT" time="66.987" errors="0">
  <testcase name="Special" time="3.025" classname="Home_Work_Foure_Scripts.ValidateLink"/>
  <testcase name="NewProducts" time="2.867" classname="Home_Work_Foure_Scripts.ValidateLink"/>
  <testcase name="BestSellers" time="2.459" classname="Home_Work_Foure_Scripts.ValidateLink"/>
  <testcase name="OurStores" time="2.756" classname="Home_Work_Foure_Scripts.ValidateLink"/>
  <testcase name="ContactUs" time="1.959" classname="Home_Work_Foure_Scripts.ValidateLink"/>
  <testcase name="TrmsnCondi" time="2.22" classname="Home_Work_Foure_Scripts.ValidateLink"/>
  <testcase name="AboutUs" time="1.917" classname="Home_Work_Foure_Scripts.ValidateLink"/>
  <testcase name="SiteMap" time="2.054" classname="Home_Work_Foure_Scripts.ValidateLink"/>
  <testcase name="CrAccount" time="0.981" classname="Home_Work_Foure_Scripts.YahoosignupTestNG"/>
  <testcase name="Signup" time="2.851" classname="Home_Work_Foure_Scripts.YahoosignupTestNG"/>
  <testcase name="PhoneNumber" time="1.821" classname="Home_Work_Foure_Scripts.YahoosignupTestNG"/>
  <testcase name="DateofBirth" time="3.124" classname="Home_Work_Foure_Scripts.YahoosignupTestNG"/>
  <testcase name="Signup" time="3.119" classname="Home_Work_Foure_Scripts.YahooTestNG"/>
  <testcase name="PhoneNumber" time="2.684" classname="Home_Work_Foure_Scripts.YahooTestNG"/>
  <testcase name="Dateofbarth" time="1.723" classname="Home_Work_Foure_Scripts.YahooTestNG"/>
</testsuite> <!-- Home_Work_Foure_Regrassion -->
